[2024-01-26 15:54:15] local.ERROR: Attempt to read property "id" on string {"exception":"[object] (ErrorException(code: 0): Attempt to read property \"id\" on string at /Volumes/ARCHIVOS/Agencias/Maru2024/abaProyect/backend-api-aba/app/Http/Resources/Patient/PatientResource.php:108)
[stacktrace]
#0 /Volumes/ARCHIVOS/Agencias/Maru2024/abaProyect/backend-api-aba/app/Http/Resources/Patient/PatientResource.php(108): Illuminate\\Foundation\\Bootstrap\\HandleExceptions->handleError(2, 'Attempt to read...', '/Volumes/ARCHIV...', 108)
#1 /Volumes/ARCHIVOS/Agencias/Maru2024/abaProyect/backend-api-aba/vendor/laravel/framework/src/Illuminate/Collections/HigherOrderCollectionProxy.php(60): App\\Http\\Resources\\Patient\\PatientResource->toArray(Object(Illuminate\\Http\\Request))
#2 [internal function]: Illuminate\\Support\\HigherOrderCollectionProxy->Illuminate\\Support\\{closure}(Object(App\\Http\\Resources\\Patient\\PatientResource), 0)
#3 /Volumes/ARCHIVOS/Agencias/Maru2024/abaProyect/backend-api-aba/vendor/laravel/framework/src/Illuminate/Collections/Collection.php(695): array_map(Object(Closure), Array, Array)
#4 /Volumes/ARCHIVOS/Agencias/Maru2024/abaProyect/backend-api-aba/vendor/laravel/framework/src/Illuminate/Collections/HigherOrderCollectionProxy.php(59): Illuminate\\Support\\Collection->map(Object(Closure))
#5 /Volumes/ARCHIVOS/Agencias/Maru2024/abaProyect/backend-api-aba/vendor/laravel/framework/src/Illuminate/Http/Resources/Json/ResourceCollection.php(102): Illuminate\\Support\\HigherOrderCollectionProxy->__call('toArray', Array)
#6 /Volumes/ARCHIVOS/Agencias/Maru2024/abaProyect/backend-api-aba/vendor/laravel/framework/src/Illuminate/Http/Resources/Json/JsonResource.php(94): Illuminate\\Http\\Resources\\Json\\ResourceCollection->toArray(Object(Illuminate\\Http\\Request))
#7 /Volumes/ARCHIVOS/Agencias/Maru2024/abaProyect/backend-api-aba/vendor/laravel/framework/src/Illuminate/Http/Resources/Json/JsonResource.php(242): Illuminate\\Http\\Resources\\Json\\JsonResource->resolve(Object(Illuminate\\Http\\Request))
#8 [internal function]: Illuminate\\Http\\Resources\\Json\\JsonResource->jsonSerialize()
#9 /Volumes/ARCHIVOS/Agencias/Maru2024/abaProyect/backend-api-aba/vendor/laravel/framework/src/Illuminate/Http/JsonResponse.php(87): json_encode(Array, 0)
#10 /Volumes/ARCHIVOS/Agencias/Maru2024/abaProyect/backend-api-aba/vendor/symfony/http-foundation/JsonResponse.php(54): Illuminate\\Http\\JsonResponse->setData(Array)
#11 /Volumes/ARCHIVOS/Agencias/Maru2024/abaProyect/backend-api-aba/vendor/laravel/framework/src/Illuminate/Http/JsonResponse.php(32): Symfony\\Component\\HttpFoundation\\JsonResponse->__construct(Array, 200, Array, false)
#12 /Volumes/ARCHIVOS/Agencias/Maru2024/abaProyect/backend-api-aba/vendor/laravel/framework/src/Illuminate/Routing/ResponseFactory.php(99): Illuminate\\Http\\JsonResponse->__construct(Array, 200, Array, 0)
#13 /Volumes/ARCHIVOS/Agencias/Maru2024/abaProyect/backend-api-aba/app/Http/Controllers/Patient/PatientController.php(37): Illuminate\\Routing\\ResponseFactory->json(Array)
#14 /Volumes/ARCHIVOS/Agencias/Maru2024/abaProyect/backend-api-aba/vendor/laravel/framework/src/Illuminate/Routing/Controller.php(54): App\\Http\\Controllers\\Patient\\PatientController->index(Object(Illuminate\\Http\\Request))
#15 /Volumes/ARCHIVOS/Agencias/Maru2024/abaProyect/backend-api-aba/vendor/laravel/framework/src/Illuminate/Routing/ControllerDispatcher.php(45): Illuminate\\Routing\\Controller->callAction('index', Array)
#16 /Volumes/ARCHIVOS/Agencias/Maru2024/abaProyect/backend-api-aba/vendor/laravel/framework/src/Illuminate/Routing/Route.php(261): Illuminate\\Routing\\ControllerDispatcher->dispatch(Object(Illuminate\\Routing\\Route), Object(App\\Http\\Controllers\\Patient\\PatientController), 'index')
#17 /Volumes/ARCHIVOS/Agencias/Maru2024/abaProyect/backend-api-aba/vendor/laravel/framework/src/Illuminate/Routing/Route.php(205): Illuminate\\Routing\\Route->runController()
#18 /Volumes/ARCHIVOS/Agencias/Maru2024/abaProyect/backend-api-aba/vendor/laravel/framework/src/Illuminate/Routing/Router.php(721): Illuminate\\Routing\\Route->run()
#19 /Volumes/ARCHIVOS/Agencias/Maru2024/abaProyect/backend-api-aba/vendor/laravel/framework/src/Illuminate/Pipeline/Pipeline.php(128): Illuminate\\Routing\\Router->Illuminate\\Routing\\{closure}(Object(Illuminate\\Http\\Request))
#20 /Volumes/ARCHIVOS/Agencias/Maru2024/abaProyect/backend-api-aba/vendor/laravel/framework/src/Illuminate/Routing/Middleware/SubstituteBindings.php(50): Illuminate\\Pipeline\\Pipeline->Illuminate\\Pipeline\\{closure}(Object(Illuminate\\Http\\Request))
#21 /Volumes/ARCHIVOS/Agencias/Maru2024/abaProyect/backend-api-aba/vendor/laravel/framework/src/Illuminate/Pipeline/Pipeline.php(167): Illuminate\\Routing\\Middleware\\SubstituteBindings->handle(Object(Illuminate\\Http\\Request), Object(Closure))
#22 /Volumes/ARCHIVOS/Agencias/Maru2024/abaProyect/backend-api-aba/vendor/laravel/framework/src/Illuminate/Routing/Middleware/ThrottleRequests.php(127): Illuminate\\Pipeline\\Pipeline->Illuminate\\Pipeline\\{closure}(Object(Illuminate\\Http\\Request))
#23 /Volumes/ARCHIVOS/Agencias/Maru2024/abaProyect/backend-api-aba/vendor/laravel/framework/src/Illuminate/Routing/Middleware/ThrottleRequests.php(93): Illuminate\\Routing\\Middleware\\ThrottleRequests->handleRequest(Object(Illuminate\\Http\\Request), Object(Closure), Array)
#24 /Volumes/ARCHIVOS/Agencias/Maru2024/abaProyect/backend-api-aba/vendor/laravel/framework/src/Illuminate/Routing/Middleware/ThrottleRequests.php(55): Illuminate\\Routing\\Middleware\\ThrottleRequests->handleRequestUsingNamedLimiter(Object(Illuminate\\Http\\Request), Object(Closure), 'api', Object(Closure))
#25 /Volumes/ARCHIVOS/Agencias/Maru2024/abaProyect/backend-api-aba/vendor/laravel/framework/src/Illuminate/Pipeline/Pipeline.php(167): Illuminate\\Routing\\Middleware\\ThrottleRequests->handle(Object(Illuminate\\Http\\Request), Object(Closure), 'api')
#26 /Volumes/ARCHIVOS/Agencias/Maru2024/abaProyect/backend-api-aba/vendor/laravel/framework/src/Illuminate/Pipeline/Pipeline.php(103): Illuminate\\Pipeline\\Pipeline->Illuminate\\Pipeline\\{closure}(Object(Illuminate\\Http\\Request))
#27 /Volumes/ARCHIVOS/Agencias/Maru2024/abaProyect/backend-api-aba/vendor/laravel/framework/src/Illuminate/Routing/Router.php(719): Illuminate\\Pipeline\\Pipeline->then(Object(Closure))
#28 /Volumes/ARCHIVOS/Agencias/Maru2024/abaProyect/backend-api-aba/vendor/laravel/framework/src/Illuminate/Routing/Router.php(698): Illuminate\\Routing\\Router->runRouteWithinStack(Object(Illuminate\\Routing\\Route), Object(Illuminate\\Http\\Request))
#29 /Volumes/ARCHIVOS/Agencias/Maru2024/abaProyect/backend-api-aba/vendor/laravel/framework/src/Illuminate/Routing/Router.php(662): Illuminate\\Routing\\Router->runRoute(Object(Illuminate\\Http\\Request), Object(Illuminate\\Routing\\Route))
#30 /Volumes/ARCHIVOS/Agencias/Maru2024/abaProyect/backend-api-aba/vendor/laravel/framework/src/Illuminate/Routing/Router.php(651): Illuminate\\Routing\\Router->dispatchToRoute(Object(Illuminate\\Http\\Request))
#31 /Volumes/ARCHIVOS/Agencias/Maru2024/abaProyect/backend-api-aba/vendor/laravel/framework/src/Illuminate/Foundation/Http/Kernel.php(167): Illuminate\\Routing\\Router->dispatch(Object(Illuminate\\Http\\Request))
#32 /Volumes/ARCHIVOS/Agencias/Maru2024/abaProyect/backend-api-aba/vendor/laravel/framework/src/Illuminate/Pipeline/Pipeline.php(128): Illuminate\\Foundation\\Http\\Kernel->Illuminate\\Foundation\\Http\\{closure}(Object(Illuminate\\Http\\Request))
#33 /Volumes/ARCHIVOS/Agencias/Maru2024/abaProyect/backend-api-aba/vendor/laravel/framework/src/Illuminate/Foundation/Http/Middleware/TransformsRequest.php(21): Illuminate\\Pipeline\\Pipeline->Illuminate\\Pipeline\\{closure}(Object(Illuminate\\Http\\Request))
#34 /Volumes/ARCHIVOS/Agencias/Maru2024/abaProyect/backend-api-aba/vendor/laravel/framework/src/Illuminate/Foundation/Http/Middleware/ConvertEmptyStringsToNull.php(31): Illuminate\\Foundation\\Http\\Middleware\\TransformsRequest->handle(Object(Illuminate\\Http\\Request), Object(Closure))
#35 /Volumes/ARCHIVOS/Agencias/Maru2024/abaProyect/backend-api-aba/vendor/laravel/framework/src/Illuminate/Pipeline/Pipeline.php(167): Illuminate\\Foundation\\Http\\Middleware\\ConvertEmptyStringsToNull->handle(Object(Illuminate\\Http\\Request), Object(Closure))
#36 /Volumes/ARCHIVOS/Agencias/Maru2024/abaProyect/backend-api-aba/vendor/laravel/framework/src/Illuminate/Foundation/Http/Middleware/TransformsRequest.php(21): Illuminate\\Pipeline\\Pipeline->Illuminate\\Pipeline\\{closure}(Object(Illuminate\\Http\\Request))
#37 /Volumes/ARCHIVOS/Agencias/Maru2024/abaProyect/backend-api-aba/vendor/laravel/framework/src/Illuminate/Foundation/Http/Middleware/TrimStrings.php(40): Illuminate\\Foundation\\Http\\Middleware\\TransformsRequest->handle(Object(Illuminate\\Http\\Request), Object(Closure))
#38 /Volumes/ARCHIVOS/Agencias/Maru2024/abaProyect/backend-api-aba/vendor/laravel/framework/src/Illuminate/Pipeline/Pipeline.php(167): Illuminate\\Foundation\\Http\\Middleware\\TrimStrings->handle(Object(Illuminate\\Http\\Request), Object(Closure))
#39 /Volumes/ARCHIVOS/Agencias/Maru2024/abaProyect/backend-api-aba/vendor/laravel/framework/src/Illuminate/Foundation/Http/Middleware/ValidatePostSize.php(27): Illuminate\\Pipeline\\Pipeline->Illuminate\\Pipeline\\{closure}(Object(Illuminate\\Http\\Request))
#40 /Volumes/ARCHIVOS/Agencias/Maru2024/abaProyect/backend-api-aba/vendor/laravel/framework/src/Illuminate/Pipeline/Pipeline.php(167): Illuminate\\Foundation\\Http\\Middleware\\ValidatePostSize->handle(Object(Illuminate\\Http\\Request), Object(Closure))
#41 /Volumes/ARCHIVOS/Agencias/Maru2024/abaProyect/backend-api-aba/vendor/laravel/framework/src/Illuminate/Foundation/Http/Middleware/PreventRequestsDuringMaintenance.php(86): Illuminate\\Pipeline\\Pipeline->Illuminate\\Pipeline\\{closure}(Object(Illuminate\\Http\\Request))
#42 /Volumes/ARCHIVOS/Agencias/Maru2024/abaProyect/backend-api-aba/vendor/laravel/framework/src/Illuminate/Pipeline/Pipeline.php(167): Illuminate\\Foundation\\Http\\Middleware\\PreventRequestsDuringMaintenance->handle(Object(Illuminate\\Http\\Request), Object(Closure))
#43 /Volumes/ARCHIVOS/Agencias/Maru2024/abaProyect/backend-api-aba/vendor/fruitcake/laravel-cors/src/HandleCors.php(52): Illuminate\\Pipeline\\Pipeline->Illuminate\\Pipeline\\{closure}(Object(Illuminate\\Http\\Request))
#44 /Volumes/ARCHIVOS/Agencias/Maru2024/abaProyect/backend-api-aba/vendor/laravel/framework/src/Illuminate/Pipeline/Pipeline.php(167): Fruitcake\\Cors\\HandleCors->handle(Object(Illuminate\\Http\\Request), Object(Closure))
#45 /Volumes/ARCHIVOS/Agencias/Maru2024/abaProyect/backend-api-aba/vendor/laravel/framework/src/Illuminate/Http/Middleware/TrustProxies.php(39): Illuminate\\Pipeline\\Pipeline->Illuminate\\Pipeline\\{closure}(Object(Illuminate\\Http\\Request))
#46 /Volumes/ARCHIVOS/Agencias/Maru2024/abaProyect/backend-api-aba/vendor/laravel/framework/src/Illuminate/Pipeline/Pipeline.php(167): Illuminate\\Http\\Middleware\\TrustProxies->handle(Object(Illuminate\\Http\\Request), Object(Closure))
#47 /Volumes/ARCHIVOS/Agencias/Maru2024/abaProyect/backend-api-aba/vendor/laravel/framework/src/Illuminate/Pipeline/Pipeline.php(103): Illuminate\\Pipeline\\Pipeline->Illuminate\\Pipeline\\{closure}(Object(Illuminate\\Http\\Request))
#48 /Volumes/ARCHIVOS/Agencias/Maru2024/abaProyect/backend-api-aba/vendor/laravel/framework/src/Illuminate/Foundation/Http/Kernel.php(142): Illuminate\\Pipeline\\Pipeline->then(Object(Closure))
#49 /Volumes/ARCHIVOS/Agencias/Maru2024/abaProyect/backend-api-aba/vendor/laravel/framework/src/Illuminate/Foundation/Http/Kernel.php(111): Illuminate\\Foundation\\Http\\Kernel->sendRequestThroughRouter(Object(Illuminate\\Http\\Request))
#50 /Volumes/ARCHIVOS/Agencias/Maru2024/abaProyect/backend-api-aba/public/index.php(51): Illuminate\\Foundation\\Http\\Kernel->handle(Object(Illuminate\\Http\\Request))
#51 /Volumes/ARCHIVOS/Agencias/Maru2024/abaProyect/backend-api-aba/server.php(21): require_once('/Volumes/ARCHIV...')
#52 {main}
"} 
[2024-01-26 17:15:18] local.ERROR: Attempt to read property "notes" on null {"exception":"[object] (ErrorException(code: 0): Attempt to read property \"notes\" on null at /Volumes/ARCHIVOS/Agencias/Maru2024/abaProyect/backend-api-aba/app/Http/Controllers/Admin/InsuranceController.php:72)
[stacktrace]
#0 /Volumes/ARCHIVOS/Agencias/Maru2024/abaProyect/backend-api-aba/app/Http/Controllers/Admin/InsuranceController.php(72): Illuminate\\Foundation\\Bootstrap\\HandleExceptions->handleError(2, 'Attempt to read...', '/Volumes/ARCHIV...', 72)
#1 /Volumes/ARCHIVOS/Agencias/Maru2024/abaProyect/backend-api-aba/vendor/laravel/framework/src/Illuminate/Routing/Controller.php(54): App\\Http\\Controllers\\admin\\InsuranceController->show('1')
#2 /Volumes/ARCHIVOS/Agencias/Maru2024/abaProyect/backend-api-aba/vendor/laravel/framework/src/Illuminate/Routing/ControllerDispatcher.php(45): Illuminate\\Routing\\Controller->callAction('show', Array)
#3 /Volumes/ARCHIVOS/Agencias/Maru2024/abaProyect/backend-api-aba/vendor/laravel/framework/src/Illuminate/Routing/Route.php(261): Illuminate\\Routing\\ControllerDispatcher->dispatch(Object(Illuminate\\Routing\\Route), Object(App\\Http\\Controllers\\admin\\InsuranceController), 'show')
#4 /Volumes/ARCHIVOS/Agencias/Maru2024/abaProyect/backend-api-aba/vendor/laravel/framework/src/Illuminate/Routing/Route.php(205): Illuminate\\Routing\\Route->runController()
#5 /Volumes/ARCHIVOS/Agencias/Maru2024/abaProyect/backend-api-aba/vendor/laravel/framework/src/Illuminate/Routing/Router.php(721): Illuminate\\Routing\\Route->run()
#6 /Volumes/ARCHIVOS/Agencias/Maru2024/abaProyect/backend-api-aba/vendor/laravel/framework/src/Illuminate/Pipeline/Pipeline.php(128): Illuminate\\Routing\\Router->Illuminate\\Routing\\{closure}(Object(Illuminate\\Http\\Request))
#7 /Volumes/ARCHIVOS/Agencias/Maru2024/abaProyect/backend-api-aba/vendor/laravel/framework/src/Illuminate/Routing/Middleware/SubstituteBindings.php(50): Illuminate\\Pipeline\\Pipeline->Illuminate\\Pipeline\\{closure}(Object(Illuminate\\Http\\Request))
#8 /Volumes/ARCHIVOS/Agencias/Maru2024/abaProyect/backend-api-aba/vendor/laravel/framework/src/Illuminate/Pipeline/Pipeline.php(167): Illuminate\\Routing\\Middleware\\SubstituteBindings->handle(Object(Illuminate\\Http\\Request), Object(Closure))
#9 /Volumes/ARCHIVOS/Agencias/Maru2024/abaProyect/backend-api-aba/vendor/laravel/framework/src/Illuminate/Routing/Middleware/ThrottleRequests.php(127): Illuminate\\Pipeline\\Pipeline->Illuminate\\Pipeline\\{closure}(Object(Illuminate\\Http\\Request))
#10 /Volumes/ARCHIVOS/Agencias/Maru2024/abaProyect/backend-api-aba/vendor/laravel/framework/src/Illuminate/Routing/Middleware/ThrottleRequests.php(93): Illuminate\\Routing\\Middleware\\ThrottleRequests->handleRequest(Object(Illuminate\\Http\\Request), Object(Closure), Array)
#11 /Volumes/ARCHIVOS/Agencias/Maru2024/abaProyect/backend-api-aba/vendor/laravel/framework/src/Illuminate/Routing/Middleware/ThrottleRequests.php(55): Illuminate\\Routing\\Middleware\\ThrottleRequests->handleRequestUsingNamedLimiter(Object(Illuminate\\Http\\Request), Object(Closure), 'api', Object(Closure))
#12 /Volumes/ARCHIVOS/Agencias/Maru2024/abaProyect/backend-api-aba/vendor/laravel/framework/src/Illuminate/Pipeline/Pipeline.php(167): Illuminate\\Routing\\Middleware\\ThrottleRequests->handle(Object(Illuminate\\Http\\Request), Object(Closure), 'api')
#13 /Volumes/ARCHIVOS/Agencias/Maru2024/abaProyect/backend-api-aba/vendor/laravel/framework/src/Illuminate/Pipeline/Pipeline.php(103): Illuminate\\Pipeline\\Pipeline->Illuminate\\Pipeline\\{closure}(Object(Illuminate\\Http\\Request))
#14 /Volumes/ARCHIVOS/Agencias/Maru2024/abaProyect/backend-api-aba/vendor/laravel/framework/src/Illuminate/Routing/Router.php(719): Illuminate\\Pipeline\\Pipeline->then(Object(Closure))
#15 /Volumes/ARCHIVOS/Agencias/Maru2024/abaProyect/backend-api-aba/vendor/laravel/framework/src/Illuminate/Routing/Router.php(698): Illuminate\\Routing\\Router->runRouteWithinStack(Object(Illuminate\\Routing\\Route), Object(Illuminate\\Http\\Request))
#16 /Volumes/ARCHIVOS/Agencias/Maru2024/abaProyect/backend-api-aba/vendor/laravel/framework/src/Illuminate/Routing/Router.php(662): Illuminate\\Routing\\Router->runRoute(Object(Illuminate\\Http\\Request), Object(Illuminate\\Routing\\Route))
#17 /Volumes/ARCHIVOS/Agencias/Maru2024/abaProyect/backend-api-aba/vendor/laravel/framework/src/Illuminate/Routing/Router.php(651): Illuminate\\Routing\\Router->dispatchToRoute(Object(Illuminate\\Http\\Request))
#18 /Volumes/ARCHIVOS/Agencias/Maru2024/abaProyect/backend-api-aba/vendor/laravel/framework/src/Illuminate/Foundation/Http/Kernel.php(167): Illuminate\\Routing\\Router->dispatch(Object(Illuminate\\Http\\Request))
#19 /Volumes/ARCHIVOS/Agencias/Maru2024/abaProyect/backend-api-aba/vendor/laravel/framework/src/Illuminate/Pipeline/Pipeline.php(128): Illuminate\\Foundation\\Http\\Kernel->Illuminate\\Foundation\\Http\\{closure}(Object(Illuminate\\Http\\Request))
#20 /Volumes/ARCHIVOS/Agencias/Maru2024/abaProyect/backend-api-aba/vendor/laravel/framework/src/Illuminate/Foundation/Http/Middleware/TransformsRequest.php(21): Illuminate\\Pipeline\\Pipeline->Illuminate\\Pipeline\\{closure}(Object(Illuminate\\Http\\Request))
#21 /Volumes/ARCHIVOS/Agencias/Maru2024/abaProyect/backend-api-aba/vendor/laravel/framework/src/Illuminate/Foundation/Http/Middleware/ConvertEmptyStringsToNull.php(31): Illuminate\\Foundation\\Http\\Middleware\\TransformsRequest->handle(Object(Illuminate\\Http\\Request), Object(Closure))
#22 /Volumes/ARCHIVOS/Agencias/Maru2024/abaProyect/backend-api-aba/vendor/laravel/framework/src/Illuminate/Pipeline/Pipeline.php(167): Illuminate\\Foundation\\Http\\Middleware\\ConvertEmptyStringsToNull->handle(Object(Illuminate\\Http\\Request), Object(Closure))
#23 /Volumes/ARCHIVOS/Agencias/Maru2024/abaProyect/backend-api-aba/vendor/laravel/framework/src/Illuminate/Foundation/Http/Middleware/TransformsRequest.php(21): Illuminate\\Pipeline\\Pipeline->Illuminate\\Pipeline\\{closure}(Object(Illuminate\\Http\\Request))
#24 /Volumes/ARCHIVOS/Agencias/Maru2024/abaProyect/backend-api-aba/vendor/laravel/framework/src/Illuminate/Foundation/Http/Middleware/TrimStrings.php(40): Illuminate\\Foundation\\Http\\Middleware\\TransformsRequest->handle(Object(Illuminate\\Http\\Request), Object(Closure))
#25 /Volumes/ARCHIVOS/Agencias/Maru2024/abaProyect/backend-api-aba/vendor/laravel/framework/src/Illuminate/Pipeline/Pipeline.php(167): Illuminate\\Foundation\\Http\\Middleware\\TrimStrings->handle(Object(Illuminate\\Http\\Request), Object(Closure))
#26 /Volumes/ARCHIVOS/Agencias/Maru2024/abaProyect/backend-api-aba/vendor/laravel/framework/src/Illuminate/Foundation/Http/Middleware/ValidatePostSize.php(27): Illuminate\\Pipeline\\Pipeline->Illuminate\\Pipeline\\{closure}(Object(Illuminate\\Http\\Request))
#27 /Volumes/ARCHIVOS/Agencias/Maru2024/abaProyect/backend-api-aba/vendor/laravel/framework/src/Illuminate/Pipeline/Pipeline.php(167): Illuminate\\Foundation\\Http\\Middleware\\ValidatePostSize->handle(Object(Illuminate\\Http\\Request), Object(Closure))
#28 /Volumes/ARCHIVOS/Agencias/Maru2024/abaProyect/backend-api-aba/vendor/laravel/framework/src/Illuminate/Foundation/Http/Middleware/PreventRequestsDuringMaintenance.php(86): Illuminate\\Pipeline\\Pipeline->Illuminate\\Pipeline\\{closure}(Object(Illuminate\\Http\\Request))
#29 /Volumes/ARCHIVOS/Agencias/Maru2024/abaProyect/backend-api-aba/vendor/laravel/framework/src/Illuminate/Pipeline/Pipeline.php(167): Illuminate\\Foundation\\Http\\Middleware\\PreventRequestsDuringMaintenance->handle(Object(Illuminate\\Http\\Request), Object(Closure))
#30 /Volumes/ARCHIVOS/Agencias/Maru2024/abaProyect/backend-api-aba/vendor/fruitcake/laravel-cors/src/HandleCors.php(52): Illuminate\\Pipeline\\Pipeline->Illuminate\\Pipeline\\{closure}(Object(Illuminate\\Http\\Request))
#31 /Volumes/ARCHIVOS/Agencias/Maru2024/abaProyect/backend-api-aba/vendor/laravel/framework/src/Illuminate/Pipeline/Pipeline.php(167): Fruitcake\\Cors\\HandleCors->handle(Object(Illuminate\\Http\\Request), Object(Closure))
#32 /Volumes/ARCHIVOS/Agencias/Maru2024/abaProyect/backend-api-aba/vendor/laravel/framework/src/Illuminate/Http/Middleware/TrustProxies.php(39): Illuminate\\Pipeline\\Pipeline->Illuminate\\Pipeline\\{closure}(Object(Illuminate\\Http\\Request))
#33 /Volumes/ARCHIVOS/Agencias/Maru2024/abaProyect/backend-api-aba/vendor/laravel/framework/src/Illuminate/Pipeline/Pipeline.php(167): Illuminate\\Http\\Middleware\\TrustProxies->handle(Object(Illuminate\\Http\\Request), Object(Closure))
#34 /Volumes/ARCHIVOS/Agencias/Maru2024/abaProyect/backend-api-aba/vendor/laravel/framework/src/Illuminate/Pipeline/Pipeline.php(103): Illuminate\\Pipeline\\Pipeline->Illuminate\\Pipeline\\{closure}(Object(Illuminate\\Http\\Request))
#35 /Volumes/ARCHIVOS/Agencias/Maru2024/abaProyect/backend-api-aba/vendor/laravel/framework/src/Illuminate/Foundation/Http/Kernel.php(142): Illuminate\\Pipeline\\Pipeline->then(Object(Closure))
#36 /Volumes/ARCHIVOS/Agencias/Maru2024/abaProyect/backend-api-aba/vendor/laravel/framework/src/Illuminate/Foundation/Http/Kernel.php(111): Illuminate\\Foundation\\Http\\Kernel->sendRequestThroughRouter(Object(Illuminate\\Http\\Request))
#37 /Volumes/ARCHIVOS/Agencias/Maru2024/abaProyect/backend-api-aba/public/index.php(51): Illuminate\\Foundation\\Http\\Kernel->handle(Object(Illuminate\\Http\\Request))
#38 /Volumes/ARCHIVOS/Agencias/Maru2024/abaProyect/backend-api-aba/server.php(21): require_once('/Volumes/ARCHIV...')
#39 {main}
"} 
[2024-01-26 17:38:35] local.ERROR: Undefined property: App\Http\Controllers\admin\InsuranceController::$insurance {"exception":"[object] (ErrorException(code: 0): Undefined property: App\\Http\\Controllers\\admin\\InsuranceController::$insurance at /Volumes/ARCHIVOS/Agencias/Maru2024/abaProyect/backend-api-aba/app/Http/Controllers/Admin/InsuranceController.php:71)
[stacktrace]
#0 /Volumes/ARCHIVOS/Agencias/Maru2024/abaProyect/backend-api-aba/app/Http/Controllers/Admin/InsuranceController.php(71): Illuminate\\Foundation\\Bootstrap\\HandleExceptions->handleError(2, 'Undefined prope...', '/Volumes/ARCHIV...', 71)
#1 /Volumes/ARCHIVOS/Agencias/Maru2024/abaProyect/backend-api-aba/vendor/laravel/framework/src/Illuminate/Routing/Controller.php(54): App\\Http\\Controllers\\admin\\InsuranceController->show('1')
#2 /Volumes/ARCHIVOS/Agencias/Maru2024/abaProyect/backend-api-aba/vendor/laravel/framework/src/Illuminate/Routing/ControllerDispatcher.php(45): Illuminate\\Routing\\Controller->callAction('show', Array)
#3 /Volumes/ARCHIVOS/Agencias/Maru2024/abaProyect/backend-api-aba/vendor/laravel/framework/src/Illuminate/Routing/Route.php(261): Illuminate\\Routing\\ControllerDispatcher->dispatch(Object(Illuminate\\Routing\\Route), Object(App\\Http\\Controllers\\admin\\InsuranceController), 'show')
#4 /Volumes/ARCHIVOS/Agencias/Maru2024/abaProyect/backend-api-aba/vendor/laravel/framework/src/Illuminate/Routing/Route.php(205): Illuminate\\Routing\\Route->runController()
#5 /Volumes/ARCHIVOS/Agencias/Maru2024/abaProyect/backend-api-aba/vendor/laravel/framework/src/Illuminate/Routing/Router.php(721): Illuminate\\Routing\\Route->run()
#6 /Volumes/ARCHIVOS/Agencias/Maru2024/abaProyect/backend-api-aba/vendor/laravel/framework/src/Illuminate/Pipeline/Pipeline.php(128): Illuminate\\Routing\\Router->Illuminate\\Routing\\{closure}(Object(Illuminate\\Http\\Request))
#7 /Volumes/ARCHIVOS/Agencias/Maru2024/abaProyect/backend-api-aba/vendor/laravel/framework/src/Illuminate/Routing/Middleware/SubstituteBindings.php(50): Illuminate\\Pipeline\\Pipeline->Illuminate\\Pipeline\\{closure}(Object(Illuminate\\Http\\Request))
#8 /Volumes/ARCHIVOS/Agencias/Maru2024/abaProyect/backend-api-aba/vendor/laravel/framework/src/Illuminate/Pipeline/Pipeline.php(167): Illuminate\\Routing\\Middleware\\SubstituteBindings->handle(Object(Illuminate\\Http\\Request), Object(Closure))
#9 /Volumes/ARCHIVOS/Agencias/Maru2024/abaProyect/backend-api-aba/vendor/laravel/framework/src/Illuminate/Routing/Middleware/ThrottleRequests.php(127): Illuminate\\Pipeline\\Pipeline->Illuminate\\Pipeline\\{closure}(Object(Illuminate\\Http\\Request))
#10 /Volumes/ARCHIVOS/Agencias/Maru2024/abaProyect/backend-api-aba/vendor/laravel/framework/src/Illuminate/Routing/Middleware/ThrottleRequests.php(93): Illuminate\\Routing\\Middleware\\ThrottleRequests->handleRequest(Object(Illuminate\\Http\\Request), Object(Closure), Array)
#11 /Volumes/ARCHIVOS/Agencias/Maru2024/abaProyect/backend-api-aba/vendor/laravel/framework/src/Illuminate/Routing/Middleware/ThrottleRequests.php(55): Illuminate\\Routing\\Middleware\\ThrottleRequests->handleRequestUsingNamedLimiter(Object(Illuminate\\Http\\Request), Object(Closure), 'api', Object(Closure))
#12 /Volumes/ARCHIVOS/Agencias/Maru2024/abaProyect/backend-api-aba/vendor/laravel/framework/src/Illuminate/Pipeline/Pipeline.php(167): Illuminate\\Routing\\Middleware\\ThrottleRequests->handle(Object(Illuminate\\Http\\Request), Object(Closure), 'api')
#13 /Volumes/ARCHIVOS/Agencias/Maru2024/abaProyect/backend-api-aba/vendor/laravel/framework/src/Illuminate/Pipeline/Pipeline.php(103): Illuminate\\Pipeline\\Pipeline->Illuminate\\Pipeline\\{closure}(Object(Illuminate\\Http\\Request))
#14 /Volumes/ARCHIVOS/Agencias/Maru2024/abaProyect/backend-api-aba/vendor/laravel/framework/src/Illuminate/Routing/Router.php(719): Illuminate\\Pipeline\\Pipeline->then(Object(Closure))
#15 /Volumes/ARCHIVOS/Agencias/Maru2024/abaProyect/backend-api-aba/vendor/laravel/framework/src/Illuminate/Routing/Router.php(698): Illuminate\\Routing\\Router->runRouteWithinStack(Object(Illuminate\\Routing\\Route), Object(Illuminate\\Http\\Request))
#16 /Volumes/ARCHIVOS/Agencias/Maru2024/abaProyect/backend-api-aba/vendor/laravel/framework/src/Illuminate/Routing/Router.php(662): Illuminate\\Routing\\Router->runRoute(Object(Illuminate\\Http\\Request), Object(Illuminate\\Routing\\Route))
#17 /Volumes/ARCHIVOS/Agencias/Maru2024/abaProyect/backend-api-aba/vendor/laravel/framework/src/Illuminate/Routing/Router.php(651): Illuminate\\Routing\\Router->dispatchToRoute(Object(Illuminate\\Http\\Request))
#18 /Volumes/ARCHIVOS/Agencias/Maru2024/abaProyect/backend-api-aba/vendor/laravel/framework/src/Illuminate/Foundation/Http/Kernel.php(167): Illuminate\\Routing\\Router->dispatch(Object(Illuminate\\Http\\Request))
#19 /Volumes/ARCHIVOS/Agencias/Maru2024/abaProyect/backend-api-aba/vendor/laravel/framework/src/Illuminate/Pipeline/Pipeline.php(128): Illuminate\\Foundation\\Http\\Kernel->Illuminate\\Foundation\\Http\\{closure}(Object(Illuminate\\Http\\Request))
#20 /Volumes/ARCHIVOS/Agencias/Maru2024/abaProyect/backend-api-aba/vendor/laravel/framework/src/Illuminate/Foundation/Http/Middleware/TransformsRequest.php(21): Illuminate\\Pipeline\\Pipeline->Illuminate\\Pipeline\\{closure}(Object(Illuminate\\Http\\Request))
#21 /Volumes/ARCHIVOS/Agencias/Maru2024/abaProyect/backend-api-aba/vendor/laravel/framework/src/Illuminate/Foundation/Http/Middleware/ConvertEmptyStringsToNull.php(31): Illuminate\\Foundation\\Http\\Middleware\\TransformsRequest->handle(Object(Illuminate\\Http\\Request), Object(Closure))
#22 /Volumes/ARCHIVOS/Agencias/Maru2024/abaProyect/backend-api-aba/vendor/laravel/framework/src/Illuminate/Pipeline/Pipeline.php(167): Illuminate\\Foundation\\Http\\Middleware\\ConvertEmptyStringsToNull->handle(Object(Illuminate\\Http\\Request), Object(Closure))
#23 /Volumes/ARCHIVOS/Agencias/Maru2024/abaProyect/backend-api-aba/vendor/laravel/framework/src/Illuminate/Foundation/Http/Middleware/TransformsRequest.php(21): Illuminate\\Pipeline\\Pipeline->Illuminate\\Pipeline\\{closure}(Object(Illuminate\\Http\\Request))
#24 /Volumes/ARCHIVOS/Agencias/Maru2024/abaProyect/backend-api-aba/vendor/laravel/framework/src/Illuminate/Foundation/Http/Middleware/TrimStrings.php(40): Illuminate\\Foundation\\Http\\Middleware\\TransformsRequest->handle(Object(Illuminate\\Http\\Request), Object(Closure))
#25 /Volumes/ARCHIVOS/Agencias/Maru2024/abaProyect/backend-api-aba/vendor/laravel/framework/src/Illuminate/Pipeline/Pipeline.php(167): Illuminate\\Foundation\\Http\\Middleware\\TrimStrings->handle(Object(Illuminate\\Http\\Request), Object(Closure))
#26 /Volumes/ARCHIVOS/Agencias/Maru2024/abaProyect/backend-api-aba/vendor/laravel/framework/src/Illuminate/Foundation/Http/Middleware/ValidatePostSize.php(27): Illuminate\\Pipeline\\Pipeline->Illuminate\\Pipeline\\{closure}(Object(Illuminate\\Http\\Request))
#27 /Volumes/ARCHIVOS/Agencias/Maru2024/abaProyect/backend-api-aba/vendor/laravel/framework/src/Illuminate/Pipeline/Pipeline.php(167): Illuminate\\Foundation\\Http\\Middleware\\ValidatePostSize->handle(Object(Illuminate\\Http\\Request), Object(Closure))
#28 /Volumes/ARCHIVOS/Agencias/Maru2024/abaProyect/backend-api-aba/vendor/laravel/framework/src/Illuminate/Foundation/Http/Middleware/PreventRequestsDuringMaintenance.php(86): Illuminate\\Pipeline\\Pipeline->Illuminate\\Pipeline\\{closure}(Object(Illuminate\\Http\\Request))
#29 /Volumes/ARCHIVOS/Agencias/Maru2024/abaProyect/backend-api-aba/vendor/laravel/framework/src/Illuminate/Pipeline/Pipeline.php(167): Illuminate\\Foundation\\Http\\Middleware\\PreventRequestsDuringMaintenance->handle(Object(Illuminate\\Http\\Request), Object(Closure))
#30 /Volumes/ARCHIVOS/Agencias/Maru2024/abaProyect/backend-api-aba/vendor/fruitcake/laravel-cors/src/HandleCors.php(52): Illuminate\\Pipeline\\Pipeline->Illuminate\\Pipeline\\{closure}(Object(Illuminate\\Http\\Request))
#31 /Volumes/ARCHIVOS/Agencias/Maru2024/abaProyect/backend-api-aba/vendor/laravel/framework/src/Illuminate/Pipeline/Pipeline.php(167): Fruitcake\\Cors\\HandleCors->handle(Object(Illuminate\\Http\\Request), Object(Closure))
#32 /Volumes/ARCHIVOS/Agencias/Maru2024/abaProyect/backend-api-aba/vendor/laravel/framework/src/Illuminate/Http/Middleware/TrustProxies.php(39): Illuminate\\Pipeline\\Pipeline->Illuminate\\Pipeline\\{closure}(Object(Illuminate\\Http\\Request))
#33 /Volumes/ARCHIVOS/Agencias/Maru2024/abaProyect/backend-api-aba/vendor/laravel/framework/src/Illuminate/Pipeline/Pipeline.php(167): Illuminate\\Http\\Middleware\\TrustProxies->handle(Object(Illuminate\\Http\\Request), Object(Closure))
#34 /Volumes/ARCHIVOS/Agencias/Maru2024/abaProyect/backend-api-aba/vendor/laravel/framework/src/Illuminate/Pipeline/Pipeline.php(103): Illuminate\\Pipeline\\Pipeline->Illuminate\\Pipeline\\{closure}(Object(Illuminate\\Http\\Request))
#35 /Volumes/ARCHIVOS/Agencias/Maru2024/abaProyect/backend-api-aba/vendor/laravel/framework/src/Illuminate/Foundation/Http/Kernel.php(142): Illuminate\\Pipeline\\Pipeline->then(Object(Closure))
#36 /Volumes/ARCHIVOS/Agencias/Maru2024/abaProyect/backend-api-aba/vendor/laravel/framework/src/Illuminate/Foundation/Http/Kernel.php(111): Illuminate\\Foundation\\Http\\Kernel->sendRequestThroughRouter(Object(Illuminate\\Http\\Request))
#37 /Volumes/ARCHIVOS/Agencias/Maru2024/abaProyect/backend-api-aba/public/index.php(51): Illuminate\\Foundation\\Http\\Kernel->handle(Object(Illuminate\\Http\\Request))
#38 /Volumes/ARCHIVOS/Agencias/Maru2024/abaProyect/backend-api-aba/server.php(21): require_once('/Volumes/ARCHIV...')
#39 {main}
"} 
[2024-01-26 22:29:54] local.INFO: {"guard_name":"api","name":"Prueba","updated_at":"2024-01-26T22:29:54.000000Z","created_at":"2024-01-26T22:29:54.000000Z","id":9}  
[2024-01-26 22:30:23] local.ERROR: Attempt to read property "id" on string {"exception":"[object] (ErrorException(code: 0): Attempt to read property \"id\" on string at /Volumes/ARCHIVOS/Agencias/Maru2024/abaProyect/backend-api-aba/app/Http/Resources/Patient/PatientResource.php:108)
[stacktrace]
#0 /Volumes/ARCHIVOS/Agencias/Maru2024/abaProyect/backend-api-aba/app/Http/Resources/Patient/PatientResource.php(108): Illuminate\\Foundation\\Bootstrap\\HandleExceptions->handleError(2, 'Attempt to read...', '/Volumes/ARCHIV...', 108)
#1 /Volumes/ARCHIVOS/Agencias/Maru2024/abaProyect/backend-api-aba/vendor/laravel/framework/src/Illuminate/Collections/HigherOrderCollectionProxy.php(60): App\\Http\\Resources\\Patient\\PatientResource->toArray(Object(Illuminate\\Http\\Request))
#2 [internal function]: Illuminate\\Support\\HigherOrderCollectionProxy->Illuminate\\Support\\{closure}(Object(App\\Http\\Resources\\Patient\\PatientResource), 0)
#3 /Volumes/ARCHIVOS/Agencias/Maru2024/abaProyect/backend-api-aba/vendor/laravel/framework/src/Illuminate/Collections/Collection.php(695): array_map(Object(Closure), Array, Array)
#4 /Volumes/ARCHIVOS/Agencias/Maru2024/abaProyect/backend-api-aba/vendor/laravel/framework/src/Illuminate/Collections/HigherOrderCollectionProxy.php(59): Illuminate\\Support\\Collection->map(Object(Closure))
#5 /Volumes/ARCHIVOS/Agencias/Maru2024/abaProyect/backend-api-aba/vendor/laravel/framework/src/Illuminate/Http/Resources/Json/ResourceCollection.php(102): Illuminate\\Support\\HigherOrderCollectionProxy->__call('toArray', Array)
#6 /Volumes/ARCHIVOS/Agencias/Maru2024/abaProyect/backend-api-aba/vendor/laravel/framework/src/Illuminate/Http/Resources/Json/JsonResource.php(94): Illuminate\\Http\\Resources\\Json\\ResourceCollection->toArray(Object(Illuminate\\Http\\Request))
#7 /Volumes/ARCHIVOS/Agencias/Maru2024/abaProyect/backend-api-aba/vendor/laravel/framework/src/Illuminate/Http/Resources/Json/JsonResource.php(242): Illuminate\\Http\\Resources\\Json\\JsonResource->resolve(Object(Illuminate\\Http\\Request))
#8 [internal function]: Illuminate\\Http\\Resources\\Json\\JsonResource->jsonSerialize()
#9 /Volumes/ARCHIVOS/Agencias/Maru2024/abaProyect/backend-api-aba/vendor/laravel/framework/src/Illuminate/Http/JsonResponse.php(87): json_encode(Array, 0)
#10 /Volumes/ARCHIVOS/Agencias/Maru2024/abaProyect/backend-api-aba/vendor/symfony/http-foundation/JsonResponse.php(54): Illuminate\\Http\\JsonResponse->setData(Array)
#11 /Volumes/ARCHIVOS/Agencias/Maru2024/abaProyect/backend-api-aba/vendor/laravel/framework/src/Illuminate/Http/JsonResponse.php(32): Symfony\\Component\\HttpFoundation\\JsonResponse->__construct(Array, 200, Array, false)
#12 /Volumes/ARCHIVOS/Agencias/Maru2024/abaProyect/backend-api-aba/vendor/laravel/framework/src/Illuminate/Routing/ResponseFactory.php(99): Illuminate\\Http\\JsonResponse->__construct(Array, 200, Array, 0)
#13 /Volumes/ARCHIVOS/Agencias/Maru2024/abaProyect/backend-api-aba/app/Http/Controllers/Patient/PatientController.php(37): Illuminate\\Routing\\ResponseFactory->json(Array)
#14 /Volumes/ARCHIVOS/Agencias/Maru2024/abaProyect/backend-api-aba/vendor/laravel/framework/src/Illuminate/Routing/Controller.php(54): App\\Http\\Controllers\\Patient\\PatientController->index(Object(Illuminate\\Http\\Request))
#15 /Volumes/ARCHIVOS/Agencias/Maru2024/abaProyect/backend-api-aba/vendor/laravel/framework/src/Illuminate/Routing/ControllerDispatcher.php(45): Illuminate\\Routing\\Controller->callAction('index', Array)
#16 /Volumes/ARCHIVOS/Agencias/Maru2024/abaProyect/backend-api-aba/vendor/laravel/framework/src/Illuminate/Routing/Route.php(261): Illuminate\\Routing\\ControllerDispatcher->dispatch(Object(Illuminate\\Routing\\Route), Object(App\\Http\\Controllers\\Patient\\PatientController), 'index')
#17 /Volumes/ARCHIVOS/Agencias/Maru2024/abaProyect/backend-api-aba/vendor/laravel/framework/src/Illuminate/Routing/Route.php(205): Illuminate\\Routing\\Route->runController()
#18 /Volumes/ARCHIVOS/Agencias/Maru2024/abaProyect/backend-api-aba/vendor/laravel/framework/src/Illuminate/Routing/Router.php(721): Illuminate\\Routing\\Route->run()
#19 /Volumes/ARCHIVOS/Agencias/Maru2024/abaProyect/backend-api-aba/vendor/laravel/framework/src/Illuminate/Pipeline/Pipeline.php(128): Illuminate\\Routing\\Router->Illuminate\\Routing\\{closure}(Object(Illuminate\\Http\\Request))
#20 /Volumes/ARCHIVOS/Agencias/Maru2024/abaProyect/backend-api-aba/vendor/laravel/framework/src/Illuminate/Routing/Middleware/SubstituteBindings.php(50): Illuminate\\Pipeline\\Pipeline->Illuminate\\Pipeline\\{closure}(Object(Illuminate\\Http\\Request))
#21 /Volumes/ARCHIVOS/Agencias/Maru2024/abaProyect/backend-api-aba/vendor/laravel/framework/src/Illuminate/Pipeline/Pipeline.php(167): Illuminate\\Routing\\Middleware\\SubstituteBindings->handle(Object(Illuminate\\Http\\Request), Object(Closure))
#22 /Volumes/ARCHIVOS/Agencias/Maru2024/abaProyect/backend-api-aba/vendor/laravel/framework/src/Illuminate/Routing/Middleware/ThrottleRequests.php(127): Illuminate\\Pipeline\\Pipeline->Illuminate\\Pipeline\\{closure}(Object(Illuminate\\Http\\Request))
#23 /Volumes/ARCHIVOS/Agencias/Maru2024/abaProyect/backend-api-aba/vendor/laravel/framework/src/Illuminate/Routing/Middleware/ThrottleRequests.php(93): Illuminate\\Routing\\Middleware\\ThrottleRequests->handleRequest(Object(Illuminate\\Http\\Request), Object(Closure), Array)
#24 /Volumes/ARCHIVOS/Agencias/Maru2024/abaProyect/backend-api-aba/vendor/laravel/framework/src/Illuminate/Routing/Middleware/ThrottleRequests.php(55): Illuminate\\Routing\\Middleware\\ThrottleRequests->handleRequestUsingNamedLimiter(Object(Illuminate\\Http\\Request), Object(Closure), 'api', Object(Closure))
#25 /Volumes/ARCHIVOS/Agencias/Maru2024/abaProyect/backend-api-aba/vendor/laravel/framework/src/Illuminate/Pipeline/Pipeline.php(167): Illuminate\\Routing\\Middleware\\ThrottleRequests->handle(Object(Illuminate\\Http\\Request), Object(Closure), 'api')
#26 /Volumes/ARCHIVOS/Agencias/Maru2024/abaProyect/backend-api-aba/vendor/laravel/framework/src/Illuminate/Pipeline/Pipeline.php(103): Illuminate\\Pipeline\\Pipeline->Illuminate\\Pipeline\\{closure}(Object(Illuminate\\Http\\Request))
#27 /Volumes/ARCHIVOS/Agencias/Maru2024/abaProyect/backend-api-aba/vendor/laravel/framework/src/Illuminate/Routing/Router.php(719): Illuminate\\Pipeline\\Pipeline->then(Object(Closure))
#28 /Volumes/ARCHIVOS/Agencias/Maru2024/abaProyect/backend-api-aba/vendor/laravel/framework/src/Illuminate/Routing/Router.php(698): Illuminate\\Routing\\Router->runRouteWithinStack(Object(Illuminate\\Routing\\Route), Object(Illuminate\\Http\\Request))
#29 /Volumes/ARCHIVOS/Agencias/Maru2024/abaProyect/backend-api-aba/vendor/laravel/framework/src/Illuminate/Routing/Router.php(662): Illuminate\\Routing\\Router->runRoute(Object(Illuminate\\Http\\Request), Object(Illuminate\\Routing\\Route))
#30 /Volumes/ARCHIVOS/Agencias/Maru2024/abaProyect/backend-api-aba/vendor/laravel/framework/src/Illuminate/Routing/Router.php(651): Illuminate\\Routing\\Router->dispatchToRoute(Object(Illuminate\\Http\\Request))
#31 /Volumes/ARCHIVOS/Agencias/Maru2024/abaProyect/backend-api-aba/vendor/laravel/framework/src/Illuminate/Foundation/Http/Kernel.php(167): Illuminate\\Routing\\Router->dispatch(Object(Illuminate\\Http\\Request))
#32 /Volumes/ARCHIVOS/Agencias/Maru2024/abaProyect/backend-api-aba/vendor/laravel/framework/src/Illuminate/Pipeline/Pipeline.php(128): Illuminate\\Foundation\\Http\\Kernel->Illuminate\\Foundation\\Http\\{closure}(Object(Illuminate\\Http\\Request))
#33 /Volumes/ARCHIVOS/Agencias/Maru2024/abaProyect/backend-api-aba/vendor/laravel/framework/src/Illuminate/Foundation/Http/Middleware/TransformsRequest.php(21): Illuminate\\Pipeline\\Pipeline->Illuminate\\Pipeline\\{closure}(Object(Illuminate\\Http\\Request))
#34 /Volumes/ARCHIVOS/Agencias/Maru2024/abaProyect/backend-api-aba/vendor/laravel/framework/src/Illuminate/Foundation/Http/Middleware/ConvertEmptyStringsToNull.php(31): Illuminate\\Foundation\\Http\\Middleware\\TransformsRequest->handle(Object(Illuminate\\Http\\Request), Object(Closure))
#35 /Volumes/ARCHIVOS/Agencias/Maru2024/abaProyect/backend-api-aba/vendor/laravel/framework/src/Illuminate/Pipeline/Pipeline.php(167): Illuminate\\Foundation\\Http\\Middleware\\ConvertEmptyStringsToNull->handle(Object(Illuminate\\Http\\Request), Object(Closure))
#36 /Volumes/ARCHIVOS/Agencias/Maru2024/abaProyect/backend-api-aba/vendor/laravel/framework/src/Illuminate/Foundation/Http/Middleware/TransformsRequest.php(21): Illuminate\\Pipeline\\Pipeline->Illuminate\\Pipeline\\{closure}(Object(Illuminate\\Http\\Request))
#37 /Volumes/ARCHIVOS/Agencias/Maru2024/abaProyect/backend-api-aba/vendor/laravel/framework/src/Illuminate/Foundation/Http/Middleware/TrimStrings.php(40): Illuminate\\Foundation\\Http\\Middleware\\TransformsRequest->handle(Object(Illuminate\\Http\\Request), Object(Closure))
#38 /Volumes/ARCHIVOS/Agencias/Maru2024/abaProyect/backend-api-aba/vendor/laravel/framework/src/Illuminate/Pipeline/Pipeline.php(167): Illuminate\\Foundation\\Http\\Middleware\\TrimStrings->handle(Object(Illuminate\\Http\\Request), Object(Closure))
#39 /Volumes/ARCHIVOS/Agencias/Maru2024/abaProyect/backend-api-aba/vendor/laravel/framework/src/Illuminate/Foundation/Http/Middleware/ValidatePostSize.php(27): Illuminate\\Pipeline\\Pipeline->Illuminate\\Pipeline\\{closure}(Object(Illuminate\\Http\\Request))
#40 /Volumes/ARCHIVOS/Agencias/Maru2024/abaProyect/backend-api-aba/vendor/laravel/framework/src/Illuminate/Pipeline/Pipeline.php(167): Illuminate\\Foundation\\Http\\Middleware\\ValidatePostSize->handle(Object(Illuminate\\Http\\Request), Object(Closure))
#41 /Volumes/ARCHIVOS/Agencias/Maru2024/abaProyect/backend-api-aba/vendor/laravel/framework/src/Illuminate/Foundation/Http/Middleware/PreventRequestsDuringMaintenance.php(86): Illuminate\\Pipeline\\Pipeline->Illuminate\\Pipeline\\{closure}(Object(Illuminate\\Http\\Request))
#42 /Volumes/ARCHIVOS/Agencias/Maru2024/abaProyect/backend-api-aba/vendor/laravel/framework/src/Illuminate/Pipeline/Pipeline.php(167): Illuminate\\Foundation\\Http\\Middleware\\PreventRequestsDuringMaintenance->handle(Object(Illuminate\\Http\\Request), Object(Closure))
#43 /Volumes/ARCHIVOS/Agencias/Maru2024/abaProyect/backend-api-aba/vendor/fruitcake/laravel-cors/src/HandleCors.php(52): Illuminate\\Pipeline\\Pipeline->Illuminate\\Pipeline\\{closure}(Object(Illuminate\\Http\\Request))
#44 /Volumes/ARCHIVOS/Agencias/Maru2024/abaProyect/backend-api-aba/vendor/laravel/framework/src/Illuminate/Pipeline/Pipeline.php(167): Fruitcake\\Cors\\HandleCors->handle(Object(Illuminate\\Http\\Request), Object(Closure))
#45 /Volumes/ARCHIVOS/Agencias/Maru2024/abaProyect/backend-api-aba/vendor/laravel/framework/src/Illuminate/Http/Middleware/TrustProxies.php(39): Illuminate\\Pipeline\\Pipeline->Illuminate\\Pipeline\\{closure}(Object(Illuminate\\Http\\Request))
#46 /Volumes/ARCHIVOS/Agencias/Maru2024/abaProyect/backend-api-aba/vendor/laravel/framework/src/Illuminate/Pipeline/Pipeline.php(167): Illuminate\\Http\\Middleware\\TrustProxies->handle(Object(Illuminate\\Http\\Request), Object(Closure))
#47 /Volumes/ARCHIVOS/Agencias/Maru2024/abaProyect/backend-api-aba/vendor/laravel/framework/src/Illuminate/Pipeline/Pipeline.php(103): Illuminate\\Pipeline\\Pipeline->Illuminate\\Pipeline\\{closure}(Object(Illuminate\\Http\\Request))
#48 /Volumes/ARCHIVOS/Agencias/Maru2024/abaProyect/backend-api-aba/vendor/laravel/framework/src/Illuminate/Foundation/Http/Kernel.php(142): Illuminate\\Pipeline\\Pipeline->then(Object(Closure))
#49 /Volumes/ARCHIVOS/Agencias/Maru2024/abaProyect/backend-api-aba/vendor/laravel/framework/src/Illuminate/Foundation/Http/Kernel.php(111): Illuminate\\Foundation\\Http\\Kernel->sendRequestThroughRouter(Object(Illuminate\\Http\\Request))
#50 /Volumes/ARCHIVOS/Agencias/Maru2024/abaProyect/backend-api-aba/public/index.php(51): Illuminate\\Foundation\\Http\\Kernel->handle(Object(Illuminate\\Http\\Request))
#51 /Volumes/ARCHIVOS/Agencias/Maru2024/abaProyect/backend-api-aba/server.php(21): require_once('/Volumes/ARCHIV...')
#52 {main}
"} 
[2024-01-26 22:47:36] local.ERROR: Attempt to read property "id" on string {"exception":"[object] (ErrorException(code: 0): Attempt to read property \"id\" on string at /Volumes/ARCHIVOS/Agencias/Maru2024/abaProyect/backend-api-aba/app/Http/Resources/Patient/PatientResource.php:108)
[stacktrace]
#0 /Volumes/ARCHIVOS/Agencias/Maru2024/abaProyect/backend-api-aba/app/Http/Resources/Patient/PatientResource.php(108): Illuminate\\Foundation\\Bootstrap\\HandleExceptions->handleError(2, 'Attempt to read...', '/Volumes/ARCHIV...', 108)
#1 /Volumes/ARCHIVOS/Agencias/Maru2024/abaProyect/backend-api-aba/vendor/laravel/framework/src/Illuminate/Collections/HigherOrderCollectionProxy.php(60): App\\Http\\Resources\\Patient\\PatientResource->toArray(Object(Illuminate\\Http\\Request))
#2 [internal function]: Illuminate\\Support\\HigherOrderCollectionProxy->Illuminate\\Support\\{closure}(Object(App\\Http\\Resources\\Patient\\PatientResource), 0)
#3 /Volumes/ARCHIVOS/Agencias/Maru2024/abaProyect/backend-api-aba/vendor/laravel/framework/src/Illuminate/Collections/Collection.php(695): array_map(Object(Closure), Array, Array)
#4 /Volumes/ARCHIVOS/Agencias/Maru2024/abaProyect/backend-api-aba/vendor/laravel/framework/src/Illuminate/Collections/HigherOrderCollectionProxy.php(59): Illuminate\\Support\\Collection->map(Object(Closure))
#5 /Volumes/ARCHIVOS/Agencias/Maru2024/abaProyect/backend-api-aba/vendor/laravel/framework/src/Illuminate/Http/Resources/Json/ResourceCollection.php(102): Illuminate\\Support\\HigherOrderCollectionProxy->__call('toArray', Array)
#6 /Volumes/ARCHIVOS/Agencias/Maru2024/abaProyect/backend-api-aba/vendor/laravel/framework/src/Illuminate/Http/Resources/Json/JsonResource.php(94): Illuminate\\Http\\Resources\\Json\\ResourceCollection->toArray(Object(Illuminate\\Http\\Request))
#7 /Volumes/ARCHIVOS/Agencias/Maru2024/abaProyect/backend-api-aba/vendor/laravel/framework/src/Illuminate/Http/Resources/Json/JsonResource.php(242): Illuminate\\Http\\Resources\\Json\\JsonResource->resolve(Object(Illuminate\\Http\\Request))
#8 [internal function]: Illuminate\\Http\\Resources\\Json\\JsonResource->jsonSerialize()
#9 /Volumes/ARCHIVOS/Agencias/Maru2024/abaProyect/backend-api-aba/vendor/laravel/framework/src/Illuminate/Http/JsonResponse.php(87): json_encode(Array, 0)
#10 /Volumes/ARCHIVOS/Agencias/Maru2024/abaProyect/backend-api-aba/vendor/symfony/http-foundation/JsonResponse.php(54): Illuminate\\Http\\JsonResponse->setData(Array)
#11 /Volumes/ARCHIVOS/Agencias/Maru2024/abaProyect/backend-api-aba/vendor/laravel/framework/src/Illuminate/Http/JsonResponse.php(32): Symfony\\Component\\HttpFoundation\\JsonResponse->__construct(Array, 200, Array, false)
#12 /Volumes/ARCHIVOS/Agencias/Maru2024/abaProyect/backend-api-aba/vendor/laravel/framework/src/Illuminate/Routing/ResponseFactory.php(99): Illuminate\\Http\\JsonResponse->__construct(Array, 200, Array, 0)
#13 /Volumes/ARCHIVOS/Agencias/Maru2024/abaProyect/backend-api-aba/app/Http/Controllers/Patient/PatientController.php(37): Illuminate\\Routing\\ResponseFactory->json(Array)
#14 /Volumes/ARCHIVOS/Agencias/Maru2024/abaProyect/backend-api-aba/vendor/laravel/framework/src/Illuminate/Routing/Controller.php(54): App\\Http\\Controllers\\Patient\\PatientController->index(Object(Illuminate\\Http\\Request))
#15 /Volumes/ARCHIVOS/Agencias/Maru2024/abaProyect/backend-api-aba/vendor/laravel/framework/src/Illuminate/Routing/ControllerDispatcher.php(45): Illuminate\\Routing\\Controller->callAction('index', Array)
#16 /Volumes/ARCHIVOS/Agencias/Maru2024/abaProyect/backend-api-aba/vendor/laravel/framework/src/Illuminate/Routing/Route.php(261): Illuminate\\Routing\\ControllerDispatcher->dispatch(Object(Illuminate\\Routing\\Route), Object(App\\Http\\Controllers\\Patient\\PatientController), 'index')
#17 /Volumes/ARCHIVOS/Agencias/Maru2024/abaProyect/backend-api-aba/vendor/laravel/framework/src/Illuminate/Routing/Route.php(205): Illuminate\\Routing\\Route->runController()
#18 /Volumes/ARCHIVOS/Agencias/Maru2024/abaProyect/backend-api-aba/vendor/laravel/framework/src/Illuminate/Routing/Router.php(721): Illuminate\\Routing\\Route->run()
#19 /Volumes/ARCHIVOS/Agencias/Maru2024/abaProyect/backend-api-aba/vendor/laravel/framework/src/Illuminate/Pipeline/Pipeline.php(128): Illuminate\\Routing\\Router->Illuminate\\Routing\\{closure}(Object(Illuminate\\Http\\Request))
#20 /Volumes/ARCHIVOS/Agencias/Maru2024/abaProyect/backend-api-aba/vendor/laravel/framework/src/Illuminate/Routing/Middleware/SubstituteBindings.php(50): Illuminate\\Pipeline\\Pipeline->Illuminate\\Pipeline\\{closure}(Object(Illuminate\\Http\\Request))
#21 /Volumes/ARCHIVOS/Agencias/Maru2024/abaProyect/backend-api-aba/vendor/laravel/framework/src/Illuminate/Pipeline/Pipeline.php(167): Illuminate\\Routing\\Middleware\\SubstituteBindings->handle(Object(Illuminate\\Http\\Request), Object(Closure))
#22 /Volumes/ARCHIVOS/Agencias/Maru2024/abaProyect/backend-api-aba/vendor/laravel/framework/src/Illuminate/Routing/Middleware/ThrottleRequests.php(127): Illuminate\\Pipeline\\Pipeline->Illuminate\\Pipeline\\{closure}(Object(Illuminate\\Http\\Request))
#23 /Volumes/ARCHIVOS/Agencias/Maru2024/abaProyect/backend-api-aba/vendor/laravel/framework/src/Illuminate/Routing/Middleware/ThrottleRequests.php(93): Illuminate\\Routing\\Middleware\\ThrottleRequests->handleRequest(Object(Illuminate\\Http\\Request), Object(Closure), Array)
#24 /Volumes/ARCHIVOS/Agencias/Maru2024/abaProyect/backend-api-aba/vendor/laravel/framework/src/Illuminate/Routing/Middleware/ThrottleRequests.php(55): Illuminate\\Routing\\Middleware\\ThrottleRequests->handleRequestUsingNamedLimiter(Object(Illuminate\\Http\\Request), Object(Closure), 'api', Object(Closure))
#25 /Volumes/ARCHIVOS/Agencias/Maru2024/abaProyect/backend-api-aba/vendor/laravel/framework/src/Illuminate/Pipeline/Pipeline.php(167): Illuminate\\Routing\\Middleware\\ThrottleRequests->handle(Object(Illuminate\\Http\\Request), Object(Closure), 'api')
#26 /Volumes/ARCHIVOS/Agencias/Maru2024/abaProyect/backend-api-aba/vendor/laravel/framework/src/Illuminate/Pipeline/Pipeline.php(103): Illuminate\\Pipeline\\Pipeline->Illuminate\\Pipeline\\{closure}(Object(Illuminate\\Http\\Request))
#27 /Volumes/ARCHIVOS/Agencias/Maru2024/abaProyect/backend-api-aba/vendor/laravel/framework/src/Illuminate/Routing/Router.php(719): Illuminate\\Pipeline\\Pipeline->then(Object(Closure))
#28 /Volumes/ARCHIVOS/Agencias/Maru2024/abaProyect/backend-api-aba/vendor/laravel/framework/src/Illuminate/Routing/Router.php(698): Illuminate\\Routing\\Router->runRouteWithinStack(Object(Illuminate\\Routing\\Route), Object(Illuminate\\Http\\Request))
#29 /Volumes/ARCHIVOS/Agencias/Maru2024/abaProyect/backend-api-aba/vendor/laravel/framework/src/Illuminate/Routing/Router.php(662): Illuminate\\Routing\\Router->runRoute(Object(Illuminate\\Http\\Request), Object(Illuminate\\Routing\\Route))
#30 /Volumes/ARCHIVOS/Agencias/Maru2024/abaProyect/backend-api-aba/vendor/laravel/framework/src/Illuminate/Routing/Router.php(651): Illuminate\\Routing\\Router->dispatchToRoute(Object(Illuminate\\Http\\Request))
#31 /Volumes/ARCHIVOS/Agencias/Maru2024/abaProyect/backend-api-aba/vendor/laravel/framework/src/Illuminate/Foundation/Http/Kernel.php(167): Illuminate\\Routing\\Router->dispatch(Object(Illuminate\\Http\\Request))
#32 /Volumes/ARCHIVOS/Agencias/Maru2024/abaProyect/backend-api-aba/vendor/laravel/framework/src/Illuminate/Pipeline/Pipeline.php(128): Illuminate\\Foundation\\Http\\Kernel->Illuminate\\Foundation\\Http\\{closure}(Object(Illuminate\\Http\\Request))
#33 /Volumes/ARCHIVOS/Agencias/Maru2024/abaProyect/backend-api-aba/vendor/laravel/framework/src/Illuminate/Foundation/Http/Middleware/TransformsRequest.php(21): Illuminate\\Pipeline\\Pipeline->Illuminate\\Pipeline\\{closure}(Object(Illuminate\\Http\\Request))
#34 /Volumes/ARCHIVOS/Agencias/Maru2024/abaProyect/backend-api-aba/vendor/laravel/framework/src/Illuminate/Foundation/Http/Middleware/ConvertEmptyStringsToNull.php(31): Illuminate\\Foundation\\Http\\Middleware\\TransformsRequest->handle(Object(Illuminate\\Http\\Request), Object(Closure))
#35 /Volumes/ARCHIVOS/Agencias/Maru2024/abaProyect/backend-api-aba/vendor/laravel/framework/src/Illuminate/Pipeline/Pipeline.php(167): Illuminate\\Foundation\\Http\\Middleware\\ConvertEmptyStringsToNull->handle(Object(Illuminate\\Http\\Request), Object(Closure))
#36 /Volumes/ARCHIVOS/Agencias/Maru2024/abaProyect/backend-api-aba/vendor/laravel/framework/src/Illuminate/Foundation/Http/Middleware/TransformsRequest.php(21): Illuminate\\Pipeline\\Pipeline->Illuminate\\Pipeline\\{closure}(Object(Illuminate\\Http\\Request))
#37 /Volumes/ARCHIVOS/Agencias/Maru2024/abaProyect/backend-api-aba/vendor/laravel/framework/src/Illuminate/Foundation/Http/Middleware/TrimStrings.php(40): Illuminate\\Foundation\\Http\\Middleware\\TransformsRequest->handle(Object(Illuminate\\Http\\Request), Object(Closure))
#38 /Volumes/ARCHIVOS/Agencias/Maru2024/abaProyect/backend-api-aba/vendor/laravel/framework/src/Illuminate/Pipeline/Pipeline.php(167): Illuminate\\Foundation\\Http\\Middleware\\TrimStrings->handle(Object(Illuminate\\Http\\Request), Object(Closure))
#39 /Volumes/ARCHIVOS/Agencias/Maru2024/abaProyect/backend-api-aba/vendor/laravel/framework/src/Illuminate/Foundation/Http/Middleware/ValidatePostSize.php(27): Illuminate\\Pipeline\\Pipeline->Illuminate\\Pipeline\\{closure}(Object(Illuminate\\Http\\Request))
#40 /Volumes/ARCHIVOS/Agencias/Maru2024/abaProyect/backend-api-aba/vendor/laravel/framework/src/Illuminate/Pipeline/Pipeline.php(167): Illuminate\\Foundation\\Http\\Middleware\\ValidatePostSize->handle(Object(Illuminate\\Http\\Request), Object(Closure))
#41 /Volumes/ARCHIVOS/Agencias/Maru2024/abaProyect/backend-api-aba/vendor/laravel/framework/src/Illuminate/Foundation/Http/Middleware/PreventRequestsDuringMaintenance.php(86): Illuminate\\Pipeline\\Pipeline->Illuminate\\Pipeline\\{closure}(Object(Illuminate\\Http\\Request))
#42 /Volumes/ARCHIVOS/Agencias/Maru2024/abaProyect/backend-api-aba/vendor/laravel/framework/src/Illuminate/Pipeline/Pipeline.php(167): Illuminate\\Foundation\\Http\\Middleware\\PreventRequestsDuringMaintenance->handle(Object(Illuminate\\Http\\Request), Object(Closure))
#43 /Volumes/ARCHIVOS/Agencias/Maru2024/abaProyect/backend-api-aba/vendor/fruitcake/laravel-cors/src/HandleCors.php(52): Illuminate\\Pipeline\\Pipeline->Illuminate\\Pipeline\\{closure}(Object(Illuminate\\Http\\Request))
#44 /Volumes/ARCHIVOS/Agencias/Maru2024/abaProyect/backend-api-aba/vendor/laravel/framework/src/Illuminate/Pipeline/Pipeline.php(167): Fruitcake\\Cors\\HandleCors->handle(Object(Illuminate\\Http\\Request), Object(Closure))
#45 /Volumes/ARCHIVOS/Agencias/Maru2024/abaProyect/backend-api-aba/vendor/laravel/framework/src/Illuminate/Http/Middleware/TrustProxies.php(39): Illuminate\\Pipeline\\Pipeline->Illuminate\\Pipeline\\{closure}(Object(Illuminate\\Http\\Request))
#46 /Volumes/ARCHIVOS/Agencias/Maru2024/abaProyect/backend-api-aba/vendor/laravel/framework/src/Illuminate/Pipeline/Pipeline.php(167): Illuminate\\Http\\Middleware\\TrustProxies->handle(Object(Illuminate\\Http\\Request), Object(Closure))
#47 /Volumes/ARCHIVOS/Agencias/Maru2024/abaProyect/backend-api-aba/vendor/laravel/framework/src/Illuminate/Pipeline/Pipeline.php(103): Illuminate\\Pipeline\\Pipeline->Illuminate\\Pipeline\\{closure}(Object(Illuminate\\Http\\Request))
#48 /Volumes/ARCHIVOS/Agencias/Maru2024/abaProyect/backend-api-aba/vendor/laravel/framework/src/Illuminate/Foundation/Http/Kernel.php(142): Illuminate\\Pipeline\\Pipeline->then(Object(Closure))
#49 /Volumes/ARCHIVOS/Agencias/Maru2024/abaProyect/backend-api-aba/vendor/laravel/framework/src/Illuminate/Foundation/Http/Kernel.php(111): Illuminate\\Foundation\\Http\\Kernel->sendRequestThroughRouter(Object(Illuminate\\Http\\Request))
#50 /Volumes/ARCHIVOS/Agencias/Maru2024/abaProyect/backend-api-aba/public/index.php(51): Illuminate\\Foundation\\Http\\Kernel->handle(Object(Illuminate\\Http\\Request))
#51 /Volumes/ARCHIVOS/Agencias/Maru2024/abaProyect/backend-api-aba/server.php(21): require_once('/Volumes/ARCHIV...')
#52 {main}
"} 
[2024-01-26 22:52:01] local.ERROR: Attempt to read property "id" on string {"exception":"[object] (ErrorException(code: 0): Attempt to read property \"id\" on string at /Volumes/ARCHIVOS/Agencias/Maru2024/abaProyect/backend-api-aba/app/Http/Resources/Patient/PatientResource.php:108)
[stacktrace]
#0 /Volumes/ARCHIVOS/Agencias/Maru2024/abaProyect/backend-api-aba/app/Http/Resources/Patient/PatientResource.php(108): Illuminate\\Foundation\\Bootstrap\\HandleExceptions->handleError(2, 'Attempt to read...', '/Volumes/ARCHIV...', 108)
#1 /Volumes/ARCHIVOS/Agencias/Maru2024/abaProyect/backend-api-aba/vendor/laravel/framework/src/Illuminate/Collections/HigherOrderCollectionProxy.php(60): App\\Http\\Resources\\Patient\\PatientResource->toArray(Object(Illuminate\\Http\\Request))
#2 [internal function]: Illuminate\\Support\\HigherOrderCollectionProxy->Illuminate\\Support\\{closure}(Object(App\\Http\\Resources\\Patient\\PatientResource), 0)
#3 /Volumes/ARCHIVOS/Agencias/Maru2024/abaProyect/backend-api-aba/vendor/laravel/framework/src/Illuminate/Collections/Collection.php(695): array_map(Object(Closure), Array, Array)
#4 /Volumes/ARCHIVOS/Agencias/Maru2024/abaProyect/backend-api-aba/vendor/laravel/framework/src/Illuminate/Collections/HigherOrderCollectionProxy.php(59): Illuminate\\Support\\Collection->map(Object(Closure))
#5 /Volumes/ARCHIVOS/Agencias/Maru2024/abaProyect/backend-api-aba/vendor/laravel/framework/src/Illuminate/Http/Resources/Json/ResourceCollection.php(102): Illuminate\\Support\\HigherOrderCollectionProxy->__call('toArray', Array)
#6 /Volumes/ARCHIVOS/Agencias/Maru2024/abaProyect/backend-api-aba/vendor/laravel/framework/src/Illuminate/Http/Resources/Json/JsonResource.php(94): Illuminate\\Http\\Resources\\Json\\ResourceCollection->toArray(Object(Illuminate\\Http\\Request))
#7 /Volumes/ARCHIVOS/Agencias/Maru2024/abaProyect/backend-api-aba/vendor/laravel/framework/src/Illuminate/Http/Resources/Json/JsonResource.php(242): Illuminate\\Http\\Resources\\Json\\JsonResource->resolve(Object(Illuminate\\Http\\Request))
#8 [internal function]: Illuminate\\Http\\Resources\\Json\\JsonResource->jsonSerialize()
#9 /Volumes/ARCHIVOS/Agencias/Maru2024/abaProyect/backend-api-aba/vendor/laravel/framework/src/Illuminate/Http/JsonResponse.php(87): json_encode(Array, 0)
#10 /Volumes/ARCHIVOS/Agencias/Maru2024/abaProyect/backend-api-aba/vendor/symfony/http-foundation/JsonResponse.php(54): Illuminate\\Http\\JsonResponse->setData(Array)
#11 /Volumes/ARCHIVOS/Agencias/Maru2024/abaProyect/backend-api-aba/vendor/laravel/framework/src/Illuminate/Http/JsonResponse.php(32): Symfony\\Component\\HttpFoundation\\JsonResponse->__construct(Array, 200, Array, false)
#12 /Volumes/ARCHIVOS/Agencias/Maru2024/abaProyect/backend-api-aba/vendor/laravel/framework/src/Illuminate/Routing/ResponseFactory.php(99): Illuminate\\Http\\JsonResponse->__construct(Array, 200, Array, 0)
#13 /Volumes/ARCHIVOS/Agencias/Maru2024/abaProyect/backend-api-aba/app/Http/Controllers/Patient/PatientController.php(37): Illuminate\\Routing\\ResponseFactory->json(Array)
#14 /Volumes/ARCHIVOS/Agencias/Maru2024/abaProyect/backend-api-aba/vendor/laravel/framework/src/Illuminate/Routing/Controller.php(54): App\\Http\\Controllers\\Patient\\PatientController->index(Object(Illuminate\\Http\\Request))
#15 /Volumes/ARCHIVOS/Agencias/Maru2024/abaProyect/backend-api-aba/vendor/laravel/framework/src/Illuminate/Routing/ControllerDispatcher.php(45): Illuminate\\Routing\\Controller->callAction('index', Array)
#16 /Volumes/ARCHIVOS/Agencias/Maru2024/abaProyect/backend-api-aba/vendor/laravel/framework/src/Illuminate/Routing/Route.php(261): Illuminate\\Routing\\ControllerDispatcher->dispatch(Object(Illuminate\\Routing\\Route), Object(App\\Http\\Controllers\\Patient\\PatientController), 'index')
#17 /Volumes/ARCHIVOS/Agencias/Maru2024/abaProyect/backend-api-aba/vendor/laravel/framework/src/Illuminate/Routing/Route.php(205): Illuminate\\Routing\\Route->runController()
#18 /Volumes/ARCHIVOS/Agencias/Maru2024/abaProyect/backend-api-aba/vendor/laravel/framework/src/Illuminate/Routing/Router.php(721): Illuminate\\Routing\\Route->run()
#19 /Volumes/ARCHIVOS/Agencias/Maru2024/abaProyect/backend-api-aba/vendor/laravel/framework/src/Illuminate/Pipeline/Pipeline.php(128): Illuminate\\Routing\\Router->Illuminate\\Routing\\{closure}(Object(Illuminate\\Http\\Request))
#20 /Volumes/ARCHIVOS/Agencias/Maru2024/abaProyect/backend-api-aba/vendor/laravel/framework/src/Illuminate/Routing/Middleware/SubstituteBindings.php(50): Illuminate\\Pipeline\\Pipeline->Illuminate\\Pipeline\\{closure}(Object(Illuminate\\Http\\Request))
#21 /Volumes/ARCHIVOS/Agencias/Maru2024/abaProyect/backend-api-aba/vendor/laravel/framework/src/Illuminate/Pipeline/Pipeline.php(167): Illuminate\\Routing\\Middleware\\SubstituteBindings->handle(Object(Illuminate\\Http\\Request), Object(Closure))
#22 /Volumes/ARCHIVOS/Agencias/Maru2024/abaProyect/backend-api-aba/vendor/laravel/framework/src/Illuminate/Routing/Middleware/ThrottleRequests.php(127): Illuminate\\Pipeline\\Pipeline->Illuminate\\Pipeline\\{closure}(Object(Illuminate\\Http\\Request))
#23 /Volumes/ARCHIVOS/Agencias/Maru2024/abaProyect/backend-api-aba/vendor/laravel/framework/src/Illuminate/Routing/Middleware/ThrottleRequests.php(93): Illuminate\\Routing\\Middleware\\ThrottleRequests->handleRequest(Object(Illuminate\\Http\\Request), Object(Closure), Array)
#24 /Volumes/ARCHIVOS/Agencias/Maru2024/abaProyect/backend-api-aba/vendor/laravel/framework/src/Illuminate/Routing/Middleware/ThrottleRequests.php(55): Illuminate\\Routing\\Middleware\\ThrottleRequests->handleRequestUsingNamedLimiter(Object(Illuminate\\Http\\Request), Object(Closure), 'api', Object(Closure))
#25 /Volumes/ARCHIVOS/Agencias/Maru2024/abaProyect/backend-api-aba/vendor/laravel/framework/src/Illuminate/Pipeline/Pipeline.php(167): Illuminate\\Routing\\Middleware\\ThrottleRequests->handle(Object(Illuminate\\Http\\Request), Object(Closure), 'api')
#26 /Volumes/ARCHIVOS/Agencias/Maru2024/abaProyect/backend-api-aba/vendor/laravel/framework/src/Illuminate/Pipeline/Pipeline.php(103): Illuminate\\Pipeline\\Pipeline->Illuminate\\Pipeline\\{closure}(Object(Illuminate\\Http\\Request))
#27 /Volumes/ARCHIVOS/Agencias/Maru2024/abaProyect/backend-api-aba/vendor/laravel/framework/src/Illuminate/Routing/Router.php(719): Illuminate\\Pipeline\\Pipeline->then(Object(Closure))
#28 /Volumes/ARCHIVOS/Agencias/Maru2024/abaProyect/backend-api-aba/vendor/laravel/framework/src/Illuminate/Routing/Router.php(698): Illuminate\\Routing\\Router->runRouteWithinStack(Object(Illuminate\\Routing\\Route), Object(Illuminate\\Http\\Request))
#29 /Volumes/ARCHIVOS/Agencias/Maru2024/abaProyect/backend-api-aba/vendor/laravel/framework/src/Illuminate/Routing/Router.php(662): Illuminate\\Routing\\Router->runRoute(Object(Illuminate\\Http\\Request), Object(Illuminate\\Routing\\Route))
#30 /Volumes/ARCHIVOS/Agencias/Maru2024/abaProyect/backend-api-aba/vendor/laravel/framework/src/Illuminate/Routing/Router.php(651): Illuminate\\Routing\\Router->dispatchToRoute(Object(Illuminate\\Http\\Request))
#31 /Volumes/ARCHIVOS/Agencias/Maru2024/abaProyect/backend-api-aba/vendor/laravel/framework/src/Illuminate/Foundation/Http/Kernel.php(167): Illuminate\\Routing\\Router->dispatch(Object(Illuminate\\Http\\Request))
#32 /Volumes/ARCHIVOS/Agencias/Maru2024/abaProyect/backend-api-aba/vendor/laravel/framework/src/Illuminate/Pipeline/Pipeline.php(128): Illuminate\\Foundation\\Http\\Kernel->Illuminate\\Foundation\\Http\\{closure}(Object(Illuminate\\Http\\Request))
#33 /Volumes/ARCHIVOS/Agencias/Maru2024/abaProyect/backend-api-aba/vendor/laravel/framework/src/Illuminate/Foundation/Http/Middleware/TransformsRequest.php(21): Illuminate\\Pipeline\\Pipeline->Illuminate\\Pipeline\\{closure}(Object(Illuminate\\Http\\Request))
#34 /Volumes/ARCHIVOS/Agencias/Maru2024/abaProyect/backend-api-aba/vendor/laravel/framework/src/Illuminate/Foundation/Http/Middleware/ConvertEmptyStringsToNull.php(31): Illuminate\\Foundation\\Http\\Middleware\\TransformsRequest->handle(Object(Illuminate\\Http\\Request), Object(Closure))
#35 /Volumes/ARCHIVOS/Agencias/Maru2024/abaProyect/backend-api-aba/vendor/laravel/framework/src/Illuminate/Pipeline/Pipeline.php(167): Illuminate\\Foundation\\Http\\Middleware\\ConvertEmptyStringsToNull->handle(Object(Illuminate\\Http\\Request), Object(Closure))
#36 /Volumes/ARCHIVOS/Agencias/Maru2024/abaProyect/backend-api-aba/vendor/laravel/framework/src/Illuminate/Foundation/Http/Middleware/TransformsRequest.php(21): Illuminate\\Pipeline\\Pipeline->Illuminate\\Pipeline\\{closure}(Object(Illuminate\\Http\\Request))
#37 /Volumes/ARCHIVOS/Agencias/Maru2024/abaProyect/backend-api-aba/vendor/laravel/framework/src/Illuminate/Foundation/Http/Middleware/TrimStrings.php(40): Illuminate\\Foundation\\Http\\Middleware\\TransformsRequest->handle(Object(Illuminate\\Http\\Request), Object(Closure))
#38 /Volumes/ARCHIVOS/Agencias/Maru2024/abaProyect/backend-api-aba/vendor/laravel/framework/src/Illuminate/Pipeline/Pipeline.php(167): Illuminate\\Foundation\\Http\\Middleware\\TrimStrings->handle(Object(Illuminate\\Http\\Request), Object(Closure))
#39 /Volumes/ARCHIVOS/Agencias/Maru2024/abaProyect/backend-api-aba/vendor/laravel/framework/src/Illuminate/Foundation/Http/Middleware/ValidatePostSize.php(27): Illuminate\\Pipeline\\Pipeline->Illuminate\\Pipeline\\{closure}(Object(Illuminate\\Http\\Request))
#40 /Volumes/ARCHIVOS/Agencias/Maru2024/abaProyect/backend-api-aba/vendor/laravel/framework/src/Illuminate/Pipeline/Pipeline.php(167): Illuminate\\Foundation\\Http\\Middleware\\ValidatePostSize->handle(Object(Illuminate\\Http\\Request), Object(Closure))
#41 /Volumes/ARCHIVOS/Agencias/Maru2024/abaProyect/backend-api-aba/vendor/laravel/framework/src/Illuminate/Foundation/Http/Middleware/PreventRequestsDuringMaintenance.php(86): Illuminate\\Pipeline\\Pipeline->Illuminate\\Pipeline\\{closure}(Object(Illuminate\\Http\\Request))
#42 /Volumes/ARCHIVOS/Agencias/Maru2024/abaProyect/backend-api-aba/vendor/laravel/framework/src/Illuminate/Pipeline/Pipeline.php(167): Illuminate\\Foundation\\Http\\Middleware\\PreventRequestsDuringMaintenance->handle(Object(Illuminate\\Http\\Request), Object(Closure))
#43 /Volumes/ARCHIVOS/Agencias/Maru2024/abaProyect/backend-api-aba/vendor/fruitcake/laravel-cors/src/HandleCors.php(52): Illuminate\\Pipeline\\Pipeline->Illuminate\\Pipeline\\{closure}(Object(Illuminate\\Http\\Request))
#44 /Volumes/ARCHIVOS/Agencias/Maru2024/abaProyect/backend-api-aba/vendor/laravel/framework/src/Illuminate/Pipeline/Pipeline.php(167): Fruitcake\\Cors\\HandleCors->handle(Object(Illuminate\\Http\\Request), Object(Closure))
#45 /Volumes/ARCHIVOS/Agencias/Maru2024/abaProyect/backend-api-aba/vendor/laravel/framework/src/Illuminate/Http/Middleware/TrustProxies.php(39): Illuminate\\Pipeline\\Pipeline->Illuminate\\Pipeline\\{closure}(Object(Illuminate\\Http\\Request))
#46 /Volumes/ARCHIVOS/Agencias/Maru2024/abaProyect/backend-api-aba/vendor/laravel/framework/src/Illuminate/Pipeline/Pipeline.php(167): Illuminate\\Http\\Middleware\\TrustProxies->handle(Object(Illuminate\\Http\\Request), Object(Closure))
#47 /Volumes/ARCHIVOS/Agencias/Maru2024/abaProyect/backend-api-aba/vendor/laravel/framework/src/Illuminate/Pipeline/Pipeline.php(103): Illuminate\\Pipeline\\Pipeline->Illuminate\\Pipeline\\{closure}(Object(Illuminate\\Http\\Request))
#48 /Volumes/ARCHIVOS/Agencias/Maru2024/abaProyect/backend-api-aba/vendor/laravel/framework/src/Illuminate/Foundation/Http/Kernel.php(142): Illuminate\\Pipeline\\Pipeline->then(Object(Closure))
#49 /Volumes/ARCHIVOS/Agencias/Maru2024/abaProyect/backend-api-aba/vendor/laravel/framework/src/Illuminate/Foundation/Http/Kernel.php(111): Illuminate\\Foundation\\Http\\Kernel->sendRequestThroughRouter(Object(Illuminate\\Http\\Request))
#50 /Volumes/ARCHIVOS/Agencias/Maru2024/abaProyect/backend-api-aba/public/index.php(51): Illuminate\\Foundation\\Http\\Kernel->handle(Object(Illuminate\\Http\\Request))
#51 /Volumes/ARCHIVOS/Agencias/Maru2024/abaProyect/backend-api-aba/server.php(21): require_once('/Volumes/ARCHIV...')
#52 {main}
"} 
