[2024-01-20 02:15:46] local.ERROR: Attempt to assign property "eligibility" on null {"exception":"[object] (Error(code: 0): Attempt to assign property \"eligibility\" on null at /Volumes/ARCHIVOS/Agencias/Maru/abaProyect/backend-api-aba/app/Http/Controllers/Patient/PatientController.php:209)
[stacktrace]
#0 /Volumes/ARCHIVOS/Agencias/Maru/abaProyect/backend-api-aba/vendor/laravel/framework/src/Illuminate/Routing/Controller.php(54): App\\Http\\Controllers\\Patient\\PatientController->updateEligibility(Object(Illuminate\\Http\\Request), '1')
#1 /Volumes/ARCHIVOS/Agencias/Maru/abaProyect/backend-api-aba/vendor/laravel/framework/src/Illuminate/Routing/ControllerDispatcher.php(45): Illuminate\\Routing\\Controller->callAction('updateEligibili...', Array)
#2 /Volumes/ARCHIVOS/Agencias/Maru/abaProyect/backend-api-aba/vendor/laravel/framework/src/Illuminate/Routing/Route.php(261): Illuminate\\Routing\\ControllerDispatcher->dispatch(Object(Illuminate\\Routing\\Route), Object(App\\Http\\Controllers\\Patient\\PatientController), 'updateEligibili...')
#3 /Volumes/ARCHIVOS/Agencias/Maru/abaProyect/backend-api-aba/vendor/laravel/framework/src/Illuminate/Routing/Route.php(205): Illuminate\\Routing\\Route->runController()
#4 /Volumes/ARCHIVOS/Agencias/Maru/abaProyect/backend-api-aba/vendor/laravel/framework/src/Illuminate/Routing/Router.php(721): Illuminate\\Routing\\Route->run()
#5 /Volumes/ARCHIVOS/Agencias/Maru/abaProyect/backend-api-aba/vendor/laravel/framework/src/Illuminate/Pipeline/Pipeline.php(128): Illuminate\\Routing\\Router->Illuminate\\Routing\\{closure}(Object(Illuminate\\Http\\Request))
#6 /Volumes/ARCHIVOS/Agencias/Maru/abaProyect/backend-api-aba/vendor/laravel/framework/src/Illuminate/Routing/Middleware/SubstituteBindings.php(50): Illuminate\\Pipeline\\Pipeline->Illuminate\\Pipeline\\{closure}(Object(Illuminate\\Http\\Request))
#7 /Volumes/ARCHIVOS/Agencias/Maru/abaProyect/backend-api-aba/vendor/laravel/framework/src/Illuminate/Pipeline/Pipeline.php(167): Illuminate\\Routing\\Middleware\\SubstituteBindings->handle(Object(Illuminate\\Http\\Request), Object(Closure))
#8 /Volumes/ARCHIVOS/Agencias/Maru/abaProyect/backend-api-aba/vendor/laravel/framework/src/Illuminate/Routing/Middleware/ThrottleRequests.php(127): Illuminate\\Pipeline\\Pipeline->Illuminate\\Pipeline\\{closure}(Object(Illuminate\\Http\\Request))
#9 /Volumes/ARCHIVOS/Agencias/Maru/abaProyect/backend-api-aba/vendor/laravel/framework/src/Illuminate/Routing/Middleware/ThrottleRequests.php(93): Illuminate\\Routing\\Middleware\\ThrottleRequests->handleRequest(Object(Illuminate\\Http\\Request), Object(Closure), Array)
#10 /Volumes/ARCHIVOS/Agencias/Maru/abaProyect/backend-api-aba/vendor/laravel/framework/src/Illuminate/Routing/Middleware/ThrottleRequests.php(55): Illuminate\\Routing\\Middleware\\ThrottleRequests->handleRequestUsingNamedLimiter(Object(Illuminate\\Http\\Request), Object(Closure), 'api', Object(Closure))
#11 /Volumes/ARCHIVOS/Agencias/Maru/abaProyect/backend-api-aba/vendor/laravel/framework/src/Illuminate/Pipeline/Pipeline.php(167): Illuminate\\Routing\\Middleware\\ThrottleRequests->handle(Object(Illuminate\\Http\\Request), Object(Closure), 'api')
#12 /Volumes/ARCHIVOS/Agencias/Maru/abaProyect/backend-api-aba/vendor/laravel/framework/src/Illuminate/Pipeline/Pipeline.php(103): Illuminate\\Pipeline\\Pipeline->Illuminate\\Pipeline\\{closure}(Object(Illuminate\\Http\\Request))
#13 /Volumes/ARCHIVOS/Agencias/Maru/abaProyect/backend-api-aba/vendor/laravel/framework/src/Illuminate/Routing/Router.php(719): Illuminate\\Pipeline\\Pipeline->then(Object(Closure))
#14 /Volumes/ARCHIVOS/Agencias/Maru/abaProyect/backend-api-aba/vendor/laravel/framework/src/Illuminate/Routing/Router.php(698): Illuminate\\Routing\\Router->runRouteWithinStack(Object(Illuminate\\Routing\\Route), Object(Illuminate\\Http\\Request))
#15 /Volumes/ARCHIVOS/Agencias/Maru/abaProyect/backend-api-aba/vendor/laravel/framework/src/Illuminate/Routing/Router.php(662): Illuminate\\Routing\\Router->runRoute(Object(Illuminate\\Http\\Request), Object(Illuminate\\Routing\\Route))
#16 /Volumes/ARCHIVOS/Agencias/Maru/abaProyect/backend-api-aba/vendor/laravel/framework/src/Illuminate/Routing/Router.php(651): Illuminate\\Routing\\Router->dispatchToRoute(Object(Illuminate\\Http\\Request))
#17 /Volumes/ARCHIVOS/Agencias/Maru/abaProyect/backend-api-aba/vendor/laravel/framework/src/Illuminate/Foundation/Http/Kernel.php(167): Illuminate\\Routing\\Router->dispatch(Object(Illuminate\\Http\\Request))
#18 /Volumes/ARCHIVOS/Agencias/Maru/abaProyect/backend-api-aba/vendor/laravel/framework/src/Illuminate/Pipeline/Pipeline.php(128): Illuminate\\Foundation\\Http\\Kernel->Illuminate\\Foundation\\Http\\{closure}(Object(Illuminate\\Http\\Request))
#19 /Volumes/ARCHIVOS/Agencias/Maru/abaProyect/backend-api-aba/vendor/laravel/framework/src/Illuminate/Foundation/Http/Middleware/TransformsRequest.php(21): Illuminate\\Pipeline\\Pipeline->Illuminate\\Pipeline\\{closure}(Object(Illuminate\\Http\\Request))
#20 /Volumes/ARCHIVOS/Agencias/Maru/abaProyect/backend-api-aba/vendor/laravel/framework/src/Illuminate/Foundation/Http/Middleware/ConvertEmptyStringsToNull.php(31): Illuminate\\Foundation\\Http\\Middleware\\TransformsRequest->handle(Object(Illuminate\\Http\\Request), Object(Closure))
#21 /Volumes/ARCHIVOS/Agencias/Maru/abaProyect/backend-api-aba/vendor/laravel/framework/src/Illuminate/Pipeline/Pipeline.php(167): Illuminate\\Foundation\\Http\\Middleware\\ConvertEmptyStringsToNull->handle(Object(Illuminate\\Http\\Request), Object(Closure))
#22 /Volumes/ARCHIVOS/Agencias/Maru/abaProyect/backend-api-aba/vendor/laravel/framework/src/Illuminate/Foundation/Http/Middleware/TransformsRequest.php(21): Illuminate\\Pipeline\\Pipeline->Illuminate\\Pipeline\\{closure}(Object(Illuminate\\Http\\Request))
#23 /Volumes/ARCHIVOS/Agencias/Maru/abaProyect/backend-api-aba/vendor/laravel/framework/src/Illuminate/Foundation/Http/Middleware/TrimStrings.php(40): Illuminate\\Foundation\\Http\\Middleware\\TransformsRequest->handle(Object(Illuminate\\Http\\Request), Object(Closure))
#24 /Volumes/ARCHIVOS/Agencias/Maru/abaProyect/backend-api-aba/vendor/laravel/framework/src/Illuminate/Pipeline/Pipeline.php(167): Illuminate\\Foundation\\Http\\Middleware\\TrimStrings->handle(Object(Illuminate\\Http\\Request), Object(Closure))
#25 /Volumes/ARCHIVOS/Agencias/Maru/abaProyect/backend-api-aba/vendor/laravel/framework/src/Illuminate/Foundation/Http/Middleware/ValidatePostSize.php(27): Illuminate\\Pipeline\\Pipeline->Illuminate\\Pipeline\\{closure}(Object(Illuminate\\Http\\Request))
#26 /Volumes/ARCHIVOS/Agencias/Maru/abaProyect/backend-api-aba/vendor/laravel/framework/src/Illuminate/Pipeline/Pipeline.php(167): Illuminate\\Foundation\\Http\\Middleware\\ValidatePostSize->handle(Object(Illuminate\\Http\\Request), Object(Closure))
#27 /Volumes/ARCHIVOS/Agencias/Maru/abaProyect/backend-api-aba/vendor/laravel/framework/src/Illuminate/Foundation/Http/Middleware/PreventRequestsDuringMaintenance.php(86): Illuminate\\Pipeline\\Pipeline->Illuminate\\Pipeline\\{closure}(Object(Illuminate\\Http\\Request))
#28 /Volumes/ARCHIVOS/Agencias/Maru/abaProyect/backend-api-aba/vendor/laravel/framework/src/Illuminate/Pipeline/Pipeline.php(167): Illuminate\\Foundation\\Http\\Middleware\\PreventRequestsDuringMaintenance->handle(Object(Illuminate\\Http\\Request), Object(Closure))
#29 /Volumes/ARCHIVOS/Agencias/Maru/abaProyect/backend-api-aba/vendor/fruitcake/laravel-cors/src/HandleCors.php(52): Illuminate\\Pipeline\\Pipeline->Illuminate\\Pipeline\\{closure}(Object(Illuminate\\Http\\Request))
#30 /Volumes/ARCHIVOS/Agencias/Maru/abaProyect/backend-api-aba/vendor/laravel/framework/src/Illuminate/Pipeline/Pipeline.php(167): Fruitcake\\Cors\\HandleCors->handle(Object(Illuminate\\Http\\Request), Object(Closure))
#31 /Volumes/ARCHIVOS/Agencias/Maru/abaProyect/backend-api-aba/vendor/laravel/framework/src/Illuminate/Http/Middleware/TrustProxies.php(39): Illuminate\\Pipeline\\Pipeline->Illuminate\\Pipeline\\{closure}(Object(Illuminate\\Http\\Request))
#32 /Volumes/ARCHIVOS/Agencias/Maru/abaProyect/backend-api-aba/vendor/laravel/framework/src/Illuminate/Pipeline/Pipeline.php(167): Illuminate\\Http\\Middleware\\TrustProxies->handle(Object(Illuminate\\Http\\Request), Object(Closure))
#33 /Volumes/ARCHIVOS/Agencias/Maru/abaProyect/backend-api-aba/vendor/laravel/framework/src/Illuminate/Pipeline/Pipeline.php(103): Illuminate\\Pipeline\\Pipeline->Illuminate\\Pipeline\\{closure}(Object(Illuminate\\Http\\Request))
#34 /Volumes/ARCHIVOS/Agencias/Maru/abaProyect/backend-api-aba/vendor/laravel/framework/src/Illuminate/Foundation/Http/Kernel.php(142): Illuminate\\Pipeline\\Pipeline->then(Object(Closure))
#35 /Volumes/ARCHIVOS/Agencias/Maru/abaProyect/backend-api-aba/vendor/laravel/framework/src/Illuminate/Foundation/Http/Kernel.php(111): Illuminate\\Foundation\\Http\\Kernel->sendRequestThroughRouter(Object(Illuminate\\Http\\Request))
#36 /Volumes/ARCHIVOS/Agencias/Maru/abaProyect/backend-api-aba/public/index.php(51): Illuminate\\Foundation\\Http\\Kernel->handle(Object(Illuminate\\Http\\Request))
#37 /Volumes/ARCHIVOS/Agencias/Maru/abaProyect/backend-api-aba/server.php(21): require_once('/Volumes/ARCHIV...')
#38 {main}
"} 
